Arguments: 
  /home/guilleangulo/.nvm/versions/node/v12.18.3/bin/node /usr/share/yarn/bin/yarn.js build

PATH: 
  /home/guilleangulo/.vscode-server/bin/e5a624b788d92b8d34d1392e4c4d9789406efe8f/bin:/home/guilleangulo/.nvm/versions/node/v12.18.3/bin:/usr/local/sbin:/usr/local/bin:/usr/sbin:/usr/bin:/sbin:/bin:/usr/games:/usr/local/games:/mnt/c/Program Files/ImageMagick-7.0.8-Q16:/mnt/c/Program Files (x86)/Common Files/Oracle/Java/javapath:/mnt/c/Python27/:/mnt/c/Python27/Scripts:/mnt/c/ProgramData/Boxstarter:/mnt/c/Windows/system32:/mnt/c/Windows:/mnt/c/Windows/System32/Wbem:/mnt/c/Windows/System32/WindowsPowerShell/v1.0/:/mnt/c/Program Files (x86)/NVIDIA Corporation/PhysX/Common:/mnt/c/WINDOWS/system32:/mnt/c/WINDOWS:/mnt/c/WINDOWS/System32/Wbem:/mnt/c/WINDOWS/System32/WindowsPowerShell/v1.0/:/mnt/c/WINDOWS/System32/OpenSSH/:/mnt/c/ProgramData/chocolatey/bin:/mnt/c/Program Files/Microsoft Network Monitor 3/:/mnt/c/Program Files/Git/cmd:/mnt/c/Program Files/NVIDIA Corporation/NVIDIA NvDLISR:/mnt/c/Program Files (x86)/Yarn/bin/:/mnt/c/Program Files/Java/jdk1.8.0_211/bin:/mnt/c/Program Files/Android/Sdk/platform-tools:/mnt/c/Program Files/Android/Sdk/tools:/mnt/c/Program Files/Java/jdk1.8.0_211/bin:/mnt/c/WINDOWS/system32:/mnt/c/WINDOWS:/mnt/c/WINDOWS/System32/Wbem:/mnt/c/WINDOWS/System32/WindowsPowerShell/v1.0/:/mnt/c/WINDOWS/System32/OpenSSH/:/mnt/c/Program Files/nodejs/:/mnt/c/Users/anyer/miniconda3:/mnt/c/Users/anyer/miniconda3/Library/mingw-w64/bin:/mnt/c/Users/anyer/miniconda3/Library/usr/bin:/mnt/c/Users/anyer/miniconda3/Library/bin:/mnt/c/Users/anyer/miniconda3/Scripts:/mnt/c/Users/anyer/AppData/Local/Microsoft/WindowsApps:/mnt/c/Users/anyer/AppData/Local/Programs/Microsoft VS Code/bin:/mnt/c/Users/anyer/AppData/Local/Yarn/bin:/mnt/c/Users/anyer/AppData/Local/Microsoft/WindowsApps:/mnt/c/Program Files/heroku/bin:/mnt/c/Users/anyer/AppData/Roaming/npm

Yarn version: 
  1.22.5

Node version: 
  12.18.3

Platform: 
  linux x64

Trace: 
  SyntaxError: /home/guilleangulo/development/bundler-practice/esbuild/package.json: Unexpected token p in JSON at position 213
      at JSON.parse (<anonymous>)
      at /usr/share/yarn/lib/cli.js:1625:59
      at Generator.next (<anonymous>)
      at step (/usr/share/yarn/lib/cli.js:310:30)
      at /usr/share/yarn/lib/cli.js:321:13

npm manifest: 
  {
    "name": "esbuild",
    "version": "1.0.0",
    "description": "",
    "main": "index.js",
    "scripts": {
      "build": "esbuild src/app.jsx --bundle --minify --outfile=public/bundle.js --define:process.env.NODE_ENV="production""
    },
    "keywords": [],
    "author": "",
    "license": "ISC",
    "devDependencies": {
      "esbuild": "^0.8.16"
    },
    "dependencies": {
      "react": "^17.0.1",
      "react-dom": "^17.0.1"
    }
  }

yarn manifest: 
  No manifest

Lockfile: 
  # THIS IS AN AUTOGENERATED FILE. DO NOT EDIT THIS FILE DIRECTLY.
  # yarn lockfile v1
  
  
  esbuild@^0.8.16:
    version "0.8.16"
    resolved "https://registry.yarnpkg.com/esbuild/-/esbuild-0.8.16.tgz#8ae34b15d938e8b8b5ac2459414fe3e7fd7dd6b2"
    integrity sha512-HMvPNxDIhEGO/YUh8oO8oxQ1g+ttWz2anUF7NJmQglj2XfJS8zd8mP0Sb2y+jE1SVk3UjD/rYhdsEOFULN9/xw==
  
  "js-tokens@^3.0.0 || ^4.0.0":
    version "4.0.0"
    resolved "https://registry.yarnpkg.com/js-tokens/-/js-tokens-4.0.0.tgz#19203fb59991df98e3a287050d4647cdeaf32499"
    integrity sha512-RdJUflcE3cUzKiMqQgsCu06FPu9UdIJO0beYbPhHN4k6apgJtifcoCtT9bcxOpYBtpD2kCM6Sbzg4CausW/PKQ==
  
  loose-envify@^1.1.0:
    version "1.4.0"
    resolved "https://registry.yarnpkg.com/loose-envify/-/loose-envify-1.4.0.tgz#71ee51fa7be4caec1a63839f7e682d8132d30caf"
    integrity sha512-lyuxPGr/Wfhrlem2CL/UcnUc1zcqKAImBDzukY7Y5F/yQiNdko6+fRLevlw1HgMySw7f611UIY408EtxRSoK3Q==
    dependencies:
      js-tokens "^3.0.0 || ^4.0.0"
  
  object-assign@^4.1.1:
    version "4.1.1"
    resolved "https://registry.yarnpkg.com/object-assign/-/object-assign-4.1.1.tgz#2109adc7965887cfc05cbbd442cac8bfbb360863"
    integrity sha1-IQmtx5ZYh8/AXLvUQsrIv7s2CGM=
  
  react-dom@^17.0.1:
    version "17.0.1"
    resolved "https://registry.yarnpkg.com/react-dom/-/react-dom-17.0.1.tgz#1de2560474ec9f0e334285662ede52dbc5426fc6"
    integrity sha512-6eV150oJZ9U2t9svnsspTMrWNyHc6chX0KzDeAOXftRa8bNeOKTTfCJ7KorIwenkHd2xqVTBTCZd79yk/lx/Ug==
    dependencies:
      loose-envify "^1.1.0"
      object-assign "^4.1.1"
      scheduler "^0.20.1"
  
  react@^17.0.1:
    version "17.0.1"
    resolved "https://registry.yarnpkg.com/react/-/react-17.0.1.tgz#6e0600416bd57574e3f86d92edba3d9008726127"
    integrity sha512-lG9c9UuMHdcAexXtigOZLX8exLWkW0Ku29qPRU8uhF2R9BN96dLCt0psvzPLlHc5OWkgymP3qwTRgbnw5BKx3w==
    dependencies:
      loose-envify "^1.1.0"
      object-assign "^4.1.1"
  
  scheduler@^0.20.1:
    version "0.20.1"
    resolved "https://registry.yarnpkg.com/scheduler/-/scheduler-0.20.1.tgz#da0b907e24026b01181ecbc75efdc7f27b5a000c"
    integrity sha512-LKTe+2xNJBNxu/QhHvDR14wUXHRQbVY5ZOYpOGWRzhydZUqrLb2JBvLPY7cAqFmqrWuDED0Mjk7013SZiOz6Bw==
    dependencies:
      loose-envify "^1.1.0"
      object-assign "^4.1.1"
